  [1m[36m (6.0ms)[0m  [1mCREATE TABLE "schema_migrations" ("version" varchar(255) NOT NULL) [0m
  [1m[35m (4.8ms)[0m  CREATE UNIQUE INDEX "unique_schema_migrations" ON "schema_migrations" ("version")
  [1m[36mActiveRecord::SchemaMigration Load (0.1ms)[0m  [1mSELECT "schema_migrations".* FROM "schema_migrations"[0m
Migrating to CreateUsers (20171013130832)
  [1m[35m (0.1ms)[0m  begin transaction
  [1m[36m (0.3ms)[0m  [1mCREATE TABLE "users" ("id" INTEGER PRIMARY KEY AUTOINCREMENT NOT NULL, "name" varchar(255), "email" varchar(255), "created_at" datetime, "updated_at" datetime) [0m
  [1m[35mSQL (0.1ms)[0m  INSERT INTO "schema_migrations" ("version") VALUES (?)  [["version", "20171013130832"]]
  [1m[36m (4.9ms)[0m  [1mcommit transaction[0m
  [1m[35mActiveRecord::SchemaMigration Load (0.1ms)[0m  SELECT "schema_migrations".* FROM "schema_migrations"


Started GET "/" for 164.82.1.13 at 2017-10-13 13:09:26 +0000
  [1m[36mActiveRecord::SchemaMigration Load (0.1ms)[0m  [1mSELECT "schema_migrations".* FROM "schema_migrations"[0m
Processing by Rails::WelcomeController#index as HTML
  Rendered /usr/local/rvm/gems/ruby-2.0.0-p648/gems/railties-4.0.8/lib/rails/templates/rails/welcome/index.html.erb (1.6ms)
Completed 200 OK in 9ms (Views: 8.6ms | ActiveRecord: 0.0ms)


Started GET "/rails/info/properties" for 164.82.1.13 at 2017-10-13 13:09:30 +0000
Processing by Rails::InfoController#properties as */*
  [1m[35mActiveRecord::SchemaMigration Load (0.1ms)[0m  SELECT "schema_migrations".* FROM "schema_migrations"
  Rendered /usr/local/rvm/gems/ruby-2.0.0-p648/gems/railties-4.0.8/lib/rails/templates/rails/info/properties.html.erb (0.4ms)
Completed 200 OK in 11ms (Views: 7.3ms | ActiveRecord: 0.2ms)


Started GET "/" for 164.82.1.13 at 2017-10-13 13:13:07 +0000
Processing by Rails::WelcomeController#index as HTML
  Rendered /usr/local/rvm/gems/ruby-2.0.0-p648/gems/railties-4.0.8/lib/rails/templates/rails/welcome/index.html.erb (0.0ms)
Completed 200 OK in 1ms (Views: 1.2ms | ActiveRecord: 0.0ms)


Started GET "/users" for 164.82.1.13 at 2017-10-13 13:13:22 +0000
Processing by UsersController#index as HTML
  [1m[36mUser Load (0.1ms)[0m  [1mSELECT "users".* FROM "users"[0m
  Rendered users/index.html.erb within layouts/application (1.2ms)
Completed 200 OK in 776ms (Views: 774.9ms | ActiveRecord: 0.1ms)


Started GET "/assets/application.css?body=1" for 164.82.1.13 at 2017-10-13 13:13:23 +0000


Started GET "/assets/users.css?body=1" for 164.82.1.13 at 2017-10-13 13:13:23 +0000


Started GET "/assets/scaffolds.css?body=1" for 164.82.1.13 at 2017-10-13 13:13:23 +0000


Started GET "/assets/jquery.js?body=1" for 164.82.1.13 at 2017-10-13 13:13:23 +0000


Started GET "/assets/jquery_ujs.js?body=1" for 164.82.1.13 at 2017-10-13 13:13:23 +0000


Started GET "/assets/turbolinks.js?body=1" for 164.82.1.13 at 2017-10-13 13:13:23 +0000


Started GET "/assets/users.js?body=1" for 164.82.1.13 at 2017-10-13 13:13:23 +0000


Started GET "/assets/application.js?body=1" for 164.82.1.13 at 2017-10-13 13:13:23 +0000


Started GET "/users/new" for 164.82.1.13 at 2017-10-13 13:13:25 +0000
Processing by UsersController#new as HTML
  Rendered users/_form.html.erb (34.4ms)
  Rendered users/new.html.erb within layouts/application (37.7ms)
Completed 200 OK in 42ms (Views: 40.6ms | ActiveRecord: 0.3ms)


Started POST "/users" for 164.82.1.13 at 2017-10-13 13:13:29 +0000
Processing by UsersController#create as HTML
  Parameters: {"utf8"=>"✓", "authenticity_token"=>"DYFCWUnvKuH2YQIMgjeb9+JZ79iXW61pigPf1H73F0M=", "user"=>{"name"=>"", "email"=>""}, "commit"=>"Create User"}
  [1m[35m (0.1ms)[0m  begin transaction
  [1m[36mSQL (6.2ms)[0m  [1mINSERT INTO "users" ("created_at", "email", "name", "updated_at") VALUES (?, ?, ?, ?)[0m  [["created_at", Fri, 13 Oct 2017 13:13:29 UTC +00:00], ["email", ""], ["name", ""], ["updated_at", Fri, 13 Oct 2017 13:13:29 UTC +00:00]]
  [1m[35m (4.5ms)[0m  commit transaction
Redirected to http://ec2-52-87-118-238.compute-1.amazonaws.com:3000/users/1
Completed 302 Found in 14ms (ActiveRecord: 10.8ms)


Started GET "/users/1" for 164.82.1.13 at 2017-10-13 13:13:30 +0000
Processing by UsersController#show as HTML
  Parameters: {"id"=>"1"}
  [1m[36mUser Load (0.2ms)[0m  [1mSELECT "users".* FROM "users" WHERE "users"."id" = ? LIMIT 1[0m  [["id", "1"]]
  Rendered users/show.html.erb within layouts/application (0.9ms)
Completed 200 OK in 6ms (Views: 4.0ms | ActiveRecord: 0.2ms)


Started GET "/assets/application.css?body=1" for 164.82.1.13 at 2017-10-13 13:13:31 +0000


Started GET "/assets/scaffolds.css?body=1" for 164.82.1.13 at 2017-10-13 13:13:31 +0000


Started GET "/assets/users.css?body=1" for 164.82.1.13 at 2017-10-13 13:13:31 +0000


Started GET "/users/1/edit" for 164.82.1.13 at 2017-10-13 13:13:34 +0000
Processing by UsersController#edit as HTML
  Parameters: {"id"=>"1"}
  [1m[35mUser Load (0.1ms)[0m  SELECT "users".* FROM "users" WHERE "users"."id" = ? LIMIT 1  [["id", "1"]]
  Rendered users/_form.html.erb (1.9ms)
  Rendered users/edit.html.erb within layouts/application (3.2ms)
Completed 200 OK in 7ms (Views: 6.3ms | ActiveRecord: 0.1ms)


Started GET "/users" for 164.82.1.13 at 2017-10-13 13:13:39 +0000
Processing by UsersController#index as HTML
  [1m[36mUser Load (0.1ms)[0m  [1mSELECT "users".* FROM "users"[0m
  Rendered users/index.html.erb within layouts/application (1.7ms)
Completed 200 OK in 5ms (Views: 4.8ms | ActiveRecord: 0.1ms)


Started GET "/users/1/edit" for 164.82.1.13 at 2017-10-13 13:13:42 +0000
Processing by UsersController#edit as HTML
  Parameters: {"id"=>"1"}
  [1m[35mUser Load (0.1ms)[0m  SELECT "users".* FROM "users" WHERE "users"."id" = ? LIMIT 1  [["id", "1"]]
  Rendered users/_form.html.erb (1.8ms)
  Rendered users/edit.html.erb within layouts/application (2.4ms)
Completed 200 OK in 6ms (Views: 5.4ms | ActiveRecord: 0.1ms)


Started PATCH "/users/1" for 164.82.1.13 at 2017-10-13 13:14:02 +0000
Processing by UsersController#update as HTML
  Parameters: {"utf8"=>"✓", "authenticity_token"=>"DYFCWUnvKuH2YQIMgjeb9+JZ79iXW61pigPf1H73F0M=", "user"=>{"name"=>"Krishna Vootla", "email"=>"krishnayad05@gmail.com"}, "commit"=>"Update User", "id"=>"1"}
  [1m[36mUser Load (0.1ms)[0m  [1mSELECT "users".* FROM "users" WHERE "users"."id" = ? LIMIT 1[0m  [["id", "1"]]
  [1m[35m (0.1ms)[0m  begin transaction
  [1m[36mSQL (0.4ms)[0m  [1mUPDATE "users" SET "name" = ?, "email" = ?, "updated_at" = ? WHERE "users"."id" = 1[0m  [["name", "Krishna Vootla"], ["email", "krishnayad05@gmail.com"], ["updated_at", Fri, 13 Oct 2017 13:14:02 UTC +00:00]]
  [1m[35m (4.5ms)[0m  commit transaction
Redirected to http://ec2-52-87-118-238.compute-1.amazonaws.com:3000/users/1
Completed 302 Found in 9ms (ActiveRecord: 5.0ms)


Started GET "/users/1" for 164.82.1.13 at 2017-10-13 13:14:02 +0000
Processing by UsersController#show as HTML
  Parameters: {"id"=>"1"}
  [1m[36mUser Load (0.1ms)[0m  [1mSELECT "users".* FROM "users" WHERE "users"."id" = ? LIMIT 1[0m  [["id", "1"]]
  Rendered users/show.html.erb within layouts/application (0.5ms)
Completed 200 OK in 5ms (Views: 3.7ms | ActiveRecord: 0.1ms)


Started GET "/assets/application.css?body=1" for 164.82.1.13 at 2017-10-13 13:14:02 +0000


Started GET "/assets/scaffolds.css?body=1" for 164.82.1.13 at 2017-10-13 13:14:02 +0000


Started GET "/assets/users.js?body=1" for 164.82.1.13 at 2017-10-13 13:14:02 +0000


Started GET "/assets/users.css?body=1" for 164.82.1.13 at 2017-10-13 13:14:02 +0000


Started GET "/users" for 164.82.1.13 at 2017-10-13 13:14:06 +0000
Processing by UsersController#index as HTML
  [1m[35mUser Load (0.1ms)[0m  SELECT "users".* FROM "users"
  Rendered users/index.html.erb within layouts/application (0.9ms)
Completed 200 OK in 4ms (Views: 3.8ms | ActiveRecord: 0.1ms)


Started GET "/users/new" for 164.82.1.13 at 2017-10-13 13:14:09 +0000
Processing by UsersController#new as HTML
  Rendered users/_form.html.erb (17.0ms)
  Rendered users/new.html.erb within layouts/application (17.6ms)
Completed 200 OK in 21ms (Views: 20.4ms | ActiveRecord: 0.0ms)


Started GET "/users/new" for 166.171.58.197 at 2017-10-13 13:15:22 +0000
Processing by UsersController#new as HTML
  Rendered users/_form.html.erb (2.2ms)
  Rendered users/new.html.erb within layouts/application (3.1ms)
Completed 200 OK in 6ms (Views: 6.0ms | ActiveRecord: 0.0ms)


Started GET "/assets/scaffolds.css?body=1" for 166.171.58.197 at 2017-10-13 13:15:22 +0000


Started GET "/assets/jquery_ujs.js?body=1" for 166.171.58.197 at 2017-10-13 13:15:22 +0000


Started GET "/assets/users.css?body=1" for 166.171.58.197 at 2017-10-13 13:15:22 +0000


Started GET "/assets/jquery.js?body=1" for 166.171.58.197 at 2017-10-13 13:15:22 +0000


Started GET "/assets/turbolinks.js?body=1" for 166.171.58.197 at 2017-10-13 13:15:22 +0000


Started GET "/assets/application.css?body=1" for 166.171.58.197 at 2017-10-13 13:15:22 +0000


Started GET "/assets/users.js?body=1" for 166.171.58.197 at 2017-10-13 13:15:22 +0000


Started GET "/assets/application.js?body=1" for 166.171.58.197 at 2017-10-13 13:15:22 +0000


Started GET "/users/new" for 164.82.1.13 at 2017-10-13 13:15:30 +0000
Processing by UsersController#new as HTML
  Rendered users/_form.html.erb (1.4ms)
  Rendered users/new.html.erb within layouts/application (2.0ms)
Completed 200 OK in 5ms (Views: 4.8ms | ActiveRecord: 0.0ms)


Started GET "/assets/application.css?body=1" for 164.82.1.13 at 2017-10-13 13:15:30 +0000


Started GET "/assets/scaffolds.css?body=1" for 164.82.1.13 at 2017-10-13 13:15:30 +0000


Started GET "/assets/users.css?body=1" for 164.82.1.13 at 2017-10-13 13:15:30 +0000


Started GET "/assets/jquery.js?body=1" for 164.82.1.13 at 2017-10-13 13:15:30 +0000


Started GET "/assets/jquery_ujs.js?body=1" for 164.82.1.13 at 2017-10-13 13:15:30 +0000


Started GET "/assets/turbolinks.js?body=1" for 164.82.1.13 at 2017-10-13 13:15:30 +0000


Started GET "/assets/users.js?body=1" for 164.82.1.13 at 2017-10-13 13:15:30 +0000


Started GET "/assets/application.js?body=1" for 164.82.1.13 at 2017-10-13 13:15:30 +0000


Started POST "/users" for 164.82.1.13 at 2017-10-13 13:15:51 +0000
Processing by UsersController#create as HTML
  Parameters: {"utf8"=>"✓", "authenticity_token"=>"M03e8Y/qlidfuaaeZqhGHX3G7LkRHeq1UNVb1+X0WXk=", "user"=>{"name"=>"", "email"=>""}, "commit"=>"Create User"}
  [1m[36m (0.1ms)[0m  [1mbegin transaction[0m
  [1m[35mSQL (0.3ms)[0m  INSERT INTO "users" ("created_at", "email", "name", "updated_at") VALUES (?, ?, ?, ?)  [["created_at", Fri, 13 Oct 2017 13:15:51 UTC +00:00], ["email", ""], ["name", ""], ["updated_at", Fri, 13 Oct 2017 13:15:51 UTC +00:00]]
  [1m[36m (4.2ms)[0m  [1mcommit transaction[0m
Redirected to http://ec2-52-87-118-238.compute-1.amazonaws.com:3000/users/2
Completed 302 Found in 7ms (ActiveRecord: 4.6ms)


Started GET "/users/2" for 164.82.1.13 at 2017-10-13 13:15:51 +0000
Processing by UsersController#show as HTML
  Parameters: {"id"=>"2"}
  [1m[35mUser Load (0.1ms)[0m  SELECT "users".* FROM "users" WHERE "users"."id" = ? LIMIT 1  [["id", "2"]]
  Rendered users/show.html.erb within layouts/application (0.4ms)
Completed 200 OK in 4ms (Views: 3.4ms | ActiveRecord: 0.1ms)


Started GET "/assets/scaffolds.css?body=1" for 164.82.1.13 at 2017-10-13 13:15:52 +0000


Started GET "/assets/users.css?body=1" for 164.82.1.13 at 2017-10-13 13:15:52 +0000


Started GET "/assets/application.css?body=1" for 164.82.1.13 at 2017-10-13 13:15:52 +0000


Started POST "/users" for 166.171.58.197 at 2017-10-13 13:15:58 +0000
Processing by UsersController#create as HTML
  Parameters: {"utf8"=>"✓", "authenticity_token"=>"AqWPTR6hjBby2Pn2IaUL0O6MFEThA3F4EIPri11xzZA=", "user"=>{"name"=>"Bhavib4u", "email"=>"Bhavib4u@gmail"}, "commit"=>"Create User"}
Can't verify CSRF token authenticity
Completed 422 Unprocessable Entity in 0ms

ActionController::InvalidAuthenticityToken (ActionController::InvalidAuthenticityToken):
  actionpack (4.0.8) lib/action_controller/metal/request_forgery_protection.rb:166:in `handle_unverified_request'
  actionpack (4.0.8) lib/action_controller/metal/request_forgery_protection.rb:173:in `handle_unverified_request'
  actionpack (4.0.8) lib/action_controller/metal/request_forgery_protection.rb:180:in `verify_authenticity_token'
  activesupport (4.0.8) lib/active_support/callbacks.rb:377:in `_run__3591632125019087501__process_action__callbacks'
  activesupport (4.0.8) lib/active_support/callbacks.rb:80:in `run_callbacks'
  actionpack (4.0.8) lib/abstract_controller/callbacks.rb:17:in `process_action'
  actionpack (4.0.8) lib/action_controller/metal/rescue.rb:29:in `process_action'
  actionpack (4.0.8) lib/action_controller/metal/instrumentation.rb:31:in `block in process_action'
  activesupport (4.0.8) lib/active_support/notifications.rb:159:in `block in instrument'
  activesupport (4.0.8) lib/active_support/notifications/instrumenter.rb:20:in `instrument'
  activesupport (4.0.8) lib/active_support/notifications.rb:159:in `instrument'
  actionpack (4.0.8) lib/action_controller/metal/instrumentation.rb:30:in `process_action'
  actionpack (4.0.8) lib/action_controller/metal/params_wrapper.rb:250:in `process_action'
  activerecord (4.0.8) lib/active_record/railties/controller_runtime.rb:18:in `process_action'
  actionpack (4.0.8) lib/abstract_controller/base.rb:136:in `process'
  actionpack (4.0.8) lib/abstract_controller/rendering.rb:44:in `process'
  actionpack (4.0.8) lib/action_controller/metal.rb:195:in `dispatch'
  actionpack (4.0.8) lib/action_controller/metal/rack_delegation.rb:13:in `dispatch'
  actionpack (4.0.8) lib/action_controller/metal.rb:231:in `block in action'
  actionpack (4.0.8) lib/action_dispatch/routing/route_set.rb:82:in `call'
  actionpack (4.0.8) lib/action_dispatch/routing/route_set.rb:82:in `dispatch'
  actionpack (4.0.8) lib/action_dispatch/routing/route_set.rb:50:in `call'
  actionpack (4.0.8) lib/action_dispatch/journey/router.rb:71:in `block in call'
  actionpack (4.0.8) lib/action_dispatch/journey/router.rb:59:in `each'
  actionpack (4.0.8) lib/action_dispatch/journey/router.rb:59:in `call'
  actionpack (4.0.8) lib/action_dispatch/routing/route_set.rb:676:in `call'
  rack (1.5.5) lib/rack/etag.rb:23:in `call'
  rack (1.5.5) lib/rack/conditionalget.rb:35:in `call'
  rack (1.5.5) lib/rack/head.rb:11:in `call'
  actionpack (4.0.8) lib/action_dispatch/middleware/params_parser.rb:27:in `call'
  actionpack (4.0.8) lib/action_dispatch/middleware/flash.rb:241:in `call'
  rack (1.5.5) lib/rack/session/abstract/id.rb:225:in `context'
  rack (1.5.5) lib/rack/session/abstract/id.rb:220:in `call'
  actionpack (4.0.8) lib/action_dispatch/middleware/cookies.rb:486:in `call'
  activerecord (4.0.8) lib/active_record/query_cache.rb:36:in `call'
  activerecord (4.0.8) lib/active_record/connection_adapters/abstract/connection_pool.rb:626:in `call'
  activerecord (4.0.8) lib/active_record/migration.rb:373:in `call'
  actionpack (4.0.8) lib/action_dispatch/middleware/callbacks.rb:29:in `block in call'
  activesupport (4.0.8) lib/active_support/callbacks.rb:373:in `_run__3922469764795399562__call__callbacks'
  activesupport (4.0.8) lib/active_support/callbacks.rb:80:in `run_callbacks'
  actionpack (4.0.8) lib/action_dispatch/middleware/callbacks.rb:27:in `call'
  actionpack (4.0.8) lib/action_dispatch/middleware/reloader.rb:64:in `call'
  actionpack (4.0.8) lib/action_dispatch/middleware/remote_ip.rb:76:in `call'
  actionpack (4.0.8) lib/action_dispatch/middleware/debug_exceptions.rb:17:in `call'
  actionpack (4.0.8) lib/action_dispatch/middleware/show_exceptions.rb:30:in `call'
  railties (4.0.8) lib/rails/rack/logger.rb:38:in `call_app'
  railties (4.0.8) lib/rails/rack/logger.rb:20:in `block in call'
  activesupport (4.0.8) lib/active_support/tagged_logging.rb:68:in `block in tagged'
  activesupport (4.0.8) lib/active_support/tagged_logging.rb:26:in `tagged'
  activesupport (4.0.8) lib/active_support/tagged_logging.rb:68:in `tagged'
  railties (4.0.8) lib/rails/rack/logger.rb:20:in `call'
  actionpack (4.0.8) lib/action_dispatch/middleware/request_id.rb:21:in `call'
  rack (1.5.5) lib/rack/methodoverride.rb:21:in `call'
  rack (1.5.5) lib/rack/runtime.rb:17:in `call'
  activesupport (4.0.8) lib/active_support/cache/strategy/local_cache.rb:83:in `call'
  rack (1.5.5) lib/rack/lock.rb:17:in `call'
  actionpack (4.0.8) lib/action_dispatch/middleware/static.rb:64:in `call'
  rack (1.5.5) lib/rack/sendfile.rb:112:in `call'
  railties (4.0.8) lib/rails/engine.rb:511:in `call'
  railties (4.0.8) lib/rails/application.rb:97:in `call'
  rack (1.5.5) lib/rack/lock.rb:17:in `call'
  rack (1.5.5) lib/rack/content_length.rb:14:in `call'
  rack (1.5.5) lib/rack/handler/webrick.rb:60:in `service'
  /usr/local/rvm/rubies/ruby-2.0.0-p648/lib/ruby/2.0.0/webrick/httpserver.rb:138:in `service'
  /usr/local/rvm/rubies/ruby-2.0.0-p648/lib/ruby/2.0.0/webrick/httpserver.rb:94:in `run'
  /usr/local/rvm/rubies/ruby-2.0.0-p648/lib/ruby/2.0.0/webrick/server.rb:295:in `block in start_thread'


  Rendered /usr/local/rvm/gems/ruby-2.0.0-p648/gems/actionpack-4.0.8/lib/action_dispatch/middleware/templates/rescues/_source.erb (0.4ms)
  Rendered /usr/local/rvm/gems/ruby-2.0.0-p648/gems/actionpack-4.0.8/lib/action_dispatch/middleware/templates/rescues/_trace.erb (0.9ms)
  Rendered /usr/local/rvm/gems/ruby-2.0.0-p648/gems/actionpack-4.0.8/lib/action_dispatch/middleware/templates/rescues/_request_and_response.erb (0.8ms)
  Rendered /usr/local/rvm/gems/ruby-2.0.0-p648/gems/actionpack-4.0.8/lib/action_dispatch/middleware/templates/rescues/diagnostics.erb within rescues/layout (13.1ms)


Started GET "/users" for 164.82.1.13 at 2017-10-13 13:16:20 +0000
Processing by UsersController#index as HTML
  [1m[36mUser Load (0.2ms)[0m  [1mSELECT "users".* FROM "users"[0m
  Rendered users/index.html.erb within layouts/application (1.4ms)
Completed 200 OK in 5ms (Views: 4.4ms | ActiveRecord: 0.2ms)


Started POST "/users" for 164.82.1.13 at 2017-10-13 13:16:25 +0000
Processing by UsersController#create as HTML
  Parameters: {"utf8"=>"✓", "authenticity_token"=>"M03e8Y/qlidfuaaeZqhGHX3G7LkRHeq1UNVb1+X0WXk=", "user"=>{"name"=>"harish", "email"=>"harish.naga07@gmail.com"}, "commit"=>"Create User"}
  [1m[35m (0.1ms)[0m  begin transaction
  [1m[36mSQL (0.4ms)[0m  [1mINSERT INTO "users" ("created_at", "email", "name", "updated_at") VALUES (?, ?, ?, ?)[0m  [["created_at", Fri, 13 Oct 2017 13:16:25 UTC +00:00], ["email", "harish.naga07@gmail.com"], ["name", "harish"], ["updated_at", Fri, 13 Oct 2017 13:16:25 UTC +00:00]]
  [1m[35m (6.5ms)[0m  commit transaction
Redirected to http://ec2-52-87-118-238.compute-1.amazonaws.com:3000/users/3
Completed 302 Found in 9ms (ActiveRecord: 7.0ms)


Started GET "/users/3" for 164.82.1.13 at 2017-10-13 13:16:25 +0000
Processing by UsersController#show as HTML
  Parameters: {"id"=>"3"}
  [1m[36mUser Load (0.1ms)[0m  [1mSELECT "users".* FROM "users" WHERE "users"."id" = ? LIMIT 1[0m  [["id", "3"]]
  Rendered users/show.html.erb within layouts/application (0.4ms)
Completed 200 OK in 4ms (Views: 3.1ms | ActiveRecord: 0.1ms)


Started GET "/assets/application.css?body=1" for 164.82.1.13 at 2017-10-13 13:16:26 +0000


Started GET "/assets/scaffolds.css?body=1" for 164.82.1.13 at 2017-10-13 13:16:26 +0000


Started GET "/assets/users.css?body=1" for 164.82.1.13 at 2017-10-13 13:16:26 +0000


Started GET "/assets/users.js?body=1" for 164.82.1.13 at 2017-10-13 13:16:26 +0000


Started DELETE "/users/2" for 164.82.1.13 at 2017-10-13 13:16:26 +0000
Processing by UsersController#destroy as HTML
  Parameters: {"authenticity_token"=>"DYFCWUnvKuH2YQIMgjeb9+JZ79iXW61pigPf1H73F0M=", "id"=>"2"}
  [1m[35mUser Load (0.1ms)[0m  SELECT "users".* FROM "users" WHERE "users"."id" = ? LIMIT 1  [["id", "2"]]
  [1m[36m (0.0ms)[0m  [1mbegin transaction[0m
  [1m[35mSQL (0.3ms)[0m  DELETE FROM "users" WHERE "users"."id" = ?  [["id", 2]]
  [1m[36m (4.2ms)[0m  [1mcommit transaction[0m
Redirected to http://ec2-52-87-118-238.compute-1.amazonaws.com:3000/users
Completed 302 Found in 7ms (ActiveRecord: 4.6ms)


Started GET "/users" for 164.82.1.13 at 2017-10-13 13:16:26 +0000
Processing by UsersController#index as HTML
  [1m[35mUser Load (0.1ms)[0m  SELECT "users".* FROM "users"
  Rendered users/index.html.erb within layouts/application (1.3ms)
Completed 200 OK in 5ms (Views: 4.2ms | ActiveRecord: 0.1ms)


Started GET "/assets/application.css?body=1" for 164.82.1.13 at 2017-10-13 13:16:26 +0000


Started GET "/assets/scaffolds.css?body=1" for 164.82.1.13 at 2017-10-13 13:16:26 +0000


Started GET "/assets/users.css?body=1" for 164.82.1.13 at 2017-10-13 13:16:26 +0000


Started GET "/assets/users.js?body=1" for 164.82.1.13 at 2017-10-13 13:16:26 +0000


Started GET "/users/new" for 164.82.1.13 at 2017-10-13 13:20:54 +0000
Processing by UsersController#new as HTML
  Rendered users/_form.html.erb (1.7ms)
  Rendered users/new.html.erb within layouts/application (2.3ms)
Completed 200 OK in 21ms (Views: 20.8ms | ActiveRecord: 0.0ms)


Started POST "/users" for 164.82.1.13 at 2017-10-13 13:21:01 +0000
Processing by UsersController#create as HTML
  Parameters: {"utf8"=>"✓", "authenticity_token"=>"DYFCWUnvKuH2YQIMgjeb9+JZ79iXW61pigPf1H73F0M=", "user"=>{"name"=>"", "email"=>""}, "commit"=>"Create User"}
  [1m[36m (0.1ms)[0m  [1mbegin transaction[0m
  [1m[35mSQL (0.4ms)[0m  INSERT INTO "users" ("created_at", "email", "name", "updated_at") VALUES (?, ?, ?, ?)  [["created_at", Fri, 13 Oct 2017 13:21:01 UTC +00:00], ["email", ""], ["name", ""], ["updated_at", Fri, 13 Oct 2017 13:21:01 UTC +00:00]]
  [1m[36m (4.6ms)[0m  [1mcommit transaction[0m
Redirected to http://ec2-52-87-118-238.compute-1.amazonaws.com:3000/users/4
Completed 302 Found in 7ms (ActiveRecord: 5.1ms)


Started GET "/users/new" for 164.82.1.13 at 2017-10-13 13:21:01 +0000
Processing by UsersController#new as HTML
  Rendered users/_form.html.erb (1.5ms)
  Rendered users/new.html.erb within layouts/application (2.0ms)
Completed 200 OK in 5ms (Views: 4.8ms | ActiveRecord: 0.0ms)


Started GET "/users/4" for 164.82.1.13 at 2017-10-13 13:21:01 +0000
Processing by UsersController#show as HTML
  Parameters: {"id"=>"4"}
  [1m[35mUser Load (0.1ms)[0m  SELECT "users".* FROM "users" WHERE "users"."id" = ? LIMIT 1  [["id", "4"]]
  Rendered users/show.html.erb within layouts/application (0.4ms)
Completed 200 OK in 4ms (Views: 3.2ms | ActiveRecord: 0.1ms)


Started GET "/assets/application.css?body=1" for 164.82.1.13 at 2017-10-13 13:21:01 +0000


Started GET "/assets/scaffolds.css?body=1" for 164.82.1.13 at 2017-10-13 13:21:01 +0000


Started GET "/assets/users.css?body=1" for 164.82.1.13 at 2017-10-13 13:21:01 +0000


Started GET "/assets/users.js?body=1" for 164.82.1.13 at 2017-10-13 13:21:01 +0000


Started GET "/assets/application.css?body=1" for 164.82.1.13 at 2017-10-13 13:21:02 +0000


Started GET "/assets/jquery.js?body=1" for 164.82.1.13 at 2017-10-13 13:21:02 +0000


Started GET "/assets/turbolinks.js?body=1" for 164.82.1.13 at 2017-10-13 13:21:02 +0000


Started GET "/assets/users.css?body=1" for 164.82.1.13 at 2017-10-13 13:21:02 +0000


Started GET "/assets/jquery_ujs.js?body=1" for 164.82.1.13 at 2017-10-13 13:21:02 +0000


Started GET "/assets/application.js?body=1" for 164.82.1.13 at 2017-10-13 13:21:02 +0000


Started GET "/assets/users.js?body=1" for 164.82.1.13 at 2017-10-13 13:21:02 +0000


Started GET "/assets/scaffolds.css?body=1" for 164.82.1.13 at 2017-10-13 13:21:02 +0000


Started GET "/users/4/edit" for 164.82.1.13 at 2017-10-13 13:21:04 +0000
Processing by UsersController#edit as HTML
  Parameters: {"id"=>"4"}
  [1m[36mUser Load (0.1ms)[0m  [1mSELECT "users".* FROM "users" WHERE "users"."id" = ? LIMIT 1[0m  [["id", "4"]]
  Rendered users/_form.html.erb (1.8ms)
  Rendered users/edit.html.erb within layouts/application (2.5ms)
Completed 200 OK in 7ms (Views: 5.4ms | ActiveRecord: 0.1ms)


Started POST "/users" for 164.82.1.13 at 2017-10-13 13:21:08 +0000
Processing by UsersController#create as HTML
  Parameters: {"utf8"=>"✓", "authenticity_token"=>"M03e8Y/qlidfuaaeZqhGHX3G7LkRHeq1UNVb1+X0WXk=", "user"=>{"name"=>"naga", "email"=>"harish.naga07@gmail.com"}, "commit"=>"Create User"}
  [1m[35m (0.1ms)[0m  begin transaction
  [1m[36mSQL (0.3ms)[0m  [1mINSERT INTO "users" ("created_at", "email", "name", "updated_at") VALUES (?, ?, ?, ?)[0m  [["created_at", Fri, 13 Oct 2017 13:21:08 UTC +00:00], ["email", "harish.naga07@gmail.com"], ["name", "naga"], ["updated_at", Fri, 13 Oct 2017 13:21:08 UTC +00:00]]
  [1m[35m (5.3ms)[0m  commit transaction
Redirected to http://ec2-52-87-118-238.compute-1.amazonaws.com:3000/users/5
Completed 302 Found in 8ms (ActiveRecord: 5.6ms)


Started GET "/users/5" for 164.82.1.13 at 2017-10-13 13:21:09 +0000
Processing by UsersController#show as HTML
  Parameters: {"id"=>"5"}
  [1m[36mUser Load (0.1ms)[0m  [1mSELECT "users".* FROM "users" WHERE "users"."id" = ? LIMIT 1[0m  [["id", "5"]]
  Rendered users/show.html.erb within layouts/application (0.4ms)
Completed 200 OK in 4ms (Views: 3.1ms | ActiveRecord: 0.1ms)


Started GET "/assets/application.css?body=1" for 164.82.1.13 at 2017-10-13 13:21:11 +0000


Started GET "/assets/jquery_ujs.js?body=1" for 164.82.1.13 at 2017-10-13 13:21:11 +0000


Started GET "/assets/jquery.js?body=1" for 164.82.1.13 at 2017-10-13 13:21:11 +0000


Started GET "/assets/users.css?body=1" for 164.82.1.13 at 2017-10-13 13:21:11 +0000


Started GET "/assets/scaffolds.css?body=1" for 164.82.1.13 at 2017-10-13 13:21:11 +0000


Started GET "/assets/turbolinks.js?body=1" for 164.82.1.13 at 2017-10-13 13:21:11 +0000


Started GET "/assets/users.js?body=1" for 164.82.1.13 at 2017-10-13 13:21:11 +0000


Started GET "/assets/application.js?body=1" for 164.82.1.13 at 2017-10-13 13:21:11 +0000


Started PATCH "/users/4" for 164.82.1.13 at 2017-10-13 13:21:25 +0000
Processing by UsersController#update as HTML
  Parameters: {"utf8"=>"✓", "authenticity_token"=>"DYFCWUnvKuH2YQIMgjeb9+JZ79iXW61pigPf1H73F0M=", "user"=>{"name"=>"Harsha Vellure", "email"=>"harsha.vellure@gmail.com"}, "commit"=>"Update User", "id"=>"4"}
  [1m[35mUser Load (0.1ms)[0m  SELECT "users".* FROM "users" WHERE "users"."id" = ? LIMIT 1  [["id", "4"]]
  [1m[36m (0.0ms)[0m  [1mbegin transaction[0m
  [1m[35mSQL (0.3ms)[0m  UPDATE "users" SET "name" = ?, "email" = ?, "updated_at" = ? WHERE "users"."id" = 4  [["name", "Harsha Vellure"], ["email", "harsha.vellure@gmail.com"], ["updated_at", Fri, 13 Oct 2017 13:21:25 UTC +00:00]]
  [1m[36m (4.5ms)[0m  [1mcommit transaction[0m
Redirected to http://ec2-52-87-118-238.compute-1.amazonaws.com:3000/users/4
Completed 302 Found in 7ms (ActiveRecord: 5.0ms)


Started GET "/users/4" for 164.82.1.13 at 2017-10-13 13:21:25 +0000
Processing by UsersController#show as HTML
  Parameters: {"id"=>"4"}
  [1m[35mUser Load (0.1ms)[0m  SELECT "users".* FROM "users" WHERE "users"."id" = ? LIMIT 1  [["id", "4"]]
  Rendered users/show.html.erb within layouts/application (0.4ms)
Completed 200 OK in 4ms (Views: 3.1ms | ActiveRecord: 0.1ms)


Started GET "/assets/application.css?body=1" for 164.82.1.13 at 2017-10-13 13:21:26 +0000


Started GET "/assets/scaffolds.css?body=1" for 164.82.1.13 at 2017-10-13 13:21:26 +0000


Started GET "/assets/users.css?body=1" for 164.82.1.13 at 2017-10-13 13:21:26 +0000


Started GET "/assets/users.js?body=1" for 164.82.1.13 at 2017-10-13 13:21:26 +0000


Started GET "/users" for 164.82.1.13 at 2017-10-13 13:21:29 +0000
Processing by UsersController#index as HTML
  [1m[36mUser Load (0.1ms)[0m  [1mSELECT "users".* FROM "users"[0m
  Rendered users/index.html.erb within layouts/application (1.7ms)
Completed 200 OK in 5ms (Views: 4.4ms | ActiveRecord: 0.1ms)


Started GET "/users/new" for 164.82.1.13 at 2017-10-13 13:21:38 +0000
Processing by UsersController#new as HTML
  Rendered users/_form.html.erb (1.4ms)
  Rendered users/new.html.erb within layouts/application (1.9ms)
Completed 200 OK in 5ms (Views: 4.7ms | ActiveRecord: 0.0ms)


Started POST "/users" for 164.82.1.13 at 2017-10-13 13:22:03 +0000
Processing by UsersController#create as HTML
  Parameters: {"utf8"=>"✓", "authenticity_token"=>"DYFCWUnvKuH2YQIMgjeb9+JZ79iXW61pigPf1H73F0M=", "user"=>{"name"=>"Harsha Poosa", "email"=>"harsha.poosa@gmail.com"}, "commit"=>"Create User"}
  [1m[35m (0.1ms)[0m  begin transaction
  [1m[36mSQL (0.3ms)[0m  [1mINSERT INTO "users" ("created_at", "email", "name", "updated_at") VALUES (?, ?, ?, ?)[0m  [["created_at", Fri, 13 Oct 2017 13:22:03 UTC +00:00], ["email", "harsha.poosa@gmail.com"], ["name", "Harsha Poosa"], ["updated_at", Fri, 13 Oct 2017 13:22:03 UTC +00:00]]
  [1m[35m (4.3ms)[0m  commit transaction
Redirected to http://ec2-52-87-118-238.compute-1.amazonaws.com:3000/users/6
Completed 302 Found in 7ms (ActiveRecord: 4.7ms)


Started GET "/users/6" for 164.82.1.13 at 2017-10-13 13:22:03 +0000
Processing by UsersController#show as HTML
  Parameters: {"id"=>"6"}
  [1m[36mUser Load (0.1ms)[0m  [1mSELECT "users".* FROM "users" WHERE "users"."id" = ? LIMIT 1[0m  [["id", "6"]]
  Rendered users/show.html.erb within layouts/application (0.4ms)
Completed 200 OK in 4ms (Views: 3.2ms | ActiveRecord: 0.1ms)


Started GET "/assets/scaffolds.css?body=1" for 164.82.1.13 at 2017-10-13 13:22:03 +0000


Started GET "/assets/application.css?body=1" for 164.82.1.13 at 2017-10-13 13:22:03 +0000


Started GET "/assets/users.css?body=1" for 164.82.1.13 at 2017-10-13 13:22:03 +0000


Started GET "/assets/users.js?body=1" for 164.82.1.13 at 2017-10-13 13:22:03 +0000


Started GET "/users" for 164.82.1.13 at 2017-10-13 13:22:06 +0000
Processing by UsersController#index as HTML
  [1m[35mUser Load (0.2ms)[0m  SELECT "users".* FROM "users"
  Rendered users/index.html.erb within layouts/application (2.0ms)
Completed 200 OK in 5ms (Views: 4.9ms | ActiveRecord: 0.2ms)


Started GET "/users/new" for 164.82.1.13 at 2017-10-13 13:22:09 +0000
Processing by UsersController#new as HTML
  Rendered users/_form.html.erb (1.6ms)
  Rendered users/new.html.erb within layouts/application (2.2ms)
Completed 200 OK in 5ms (Views: 5.2ms | ActiveRecord: 0.0ms)


Started POST "/users" for 164.82.1.13 at 2017-10-13 13:22:27 +0000
Processing by UsersController#create as HTML
  Parameters: {"utf8"=>"✓", "authenticity_token"=>"DYFCWUnvKuH2YQIMgjeb9+JZ79iXW61pigPf1H73F0M=", "user"=>{"name"=>"Nikhil Seesa", "email"=>"seesa.nikhil@gmail.com"}, "commit"=>"Create User"}
  [1m[36m (0.1ms)[0m  [1mbegin transaction[0m
  [1m[35mSQL (0.3ms)[0m  INSERT INTO "users" ("created_at", "email", "name", "updated_at") VALUES (?, ?, ?, ?)  [["created_at", Fri, 13 Oct 2017 13:22:27 UTC +00:00], ["email", "seesa.nikhil@gmail.com"], ["name", "Nikhil Seesa"], ["updated_at", Fri, 13 Oct 2017 13:22:27 UTC +00:00]]
  [1m[36m (4.2ms)[0m  [1mcommit transaction[0m
Redirected to http://ec2-52-87-118-238.compute-1.amazonaws.com:3000/users/7
Completed 302 Found in 6ms (ActiveRecord: 4.5ms)


Started GET "/users/7" for 164.82.1.13 at 2017-10-13 13:22:28 +0000
Processing by UsersController#show as HTML
  Parameters: {"id"=>"7"}
  [1m[35mUser Load (0.1ms)[0m  SELECT "users".* FROM "users" WHERE "users"."id" = ? LIMIT 1  [["id", "7"]]
  Rendered users/show.html.erb within layouts/application (0.4ms)
Completed 200 OK in 4ms (Views: 3.2ms | ActiveRecord: 0.1ms)


Started GET "/assets/application.css?body=1" for 164.82.1.13 at 2017-10-13 13:22:29 +0000


Started GET "/assets/scaffolds.css?body=1" for 164.82.1.13 at 2017-10-13 13:22:29 +0000


Started GET "/assets/users.js?body=1" for 164.82.1.13 at 2017-10-13 13:22:29 +0000


Started GET "/assets/users.css?body=1" for 164.82.1.13 at 2017-10-13 13:22:29 +0000


Started GET "/users" for 164.82.1.13 at 2017-10-13 13:22:31 +0000
Processing by UsersController#index as HTML
  [1m[36mUser Load (0.2ms)[0m  [1mSELECT "users".* FROM "users"[0m
  Rendered users/index.html.erb within layouts/application (2.3ms)
Completed 200 OK in 6ms (Views: 5.2ms | ActiveRecord: 0.2ms)
